<?xml version="1.0" encoding="UTF-8"?>
<!-- Generated by org.testng.reporters.JUnitXMLReporter -->
<testsuite ignored="0" hostname="DESKTOP-G40R6I1" failures="0" tests="33" name="Test" time="89.805" errors="0" timestamp="2024-02-29T13:09:50 IST">
  <testcase classname="FutureGrail.Home" name="siteLoading" time="1.644"/>
  <testcase classname="FutureGrail.Home" name="logIn" time="4.127"/>
  <testcase classname="FutureGrail.Home" name="homePageBanner" time="0.064"/>
  <testcase classname="FutureGrail.Home" name="homePagePagescroll" time="0.027"/>
  <testcase classname="FutureGrail.Home" name="coverValuesCards" time="0.595"/>
  <testcase classname="FutureGrail.Home" name="ourOfferings" time="0.417"/>
  <testcase classname="FutureGrail.Home" name="ourCollections" time="1.019"/>
  <testcase classname="FutureGrail.Home" name="visitOurMuseumVideo" time="0.744"/>
  <testcase classname="FutureGrail.Home" name="planYourVisit" time="0.007"/>
  <testcase classname="FutureGrail.Home" name="meadia" time="46.247"/>
  <testcase classname="FutureGrail.Home" name="stayConnected" time="3.8"/>
  <testcase classname="FutureGrail.TNavigationBars" name="siteLoading" time="1.33"/>
  <testcase classname="FutureGrail.TNavigationBars" name="logIn" time="4.122"/>
  <testcase classname="FutureGrail.TNavigationBars" name="tnAuction" time="0.421"/>
  <testcase classname="FutureGrail.TNavigationBars" name="tnmuseum" time="1.441"/>
  <testcase classname="FutureGrail.TNavigationBars" name="tnvault" time="0.33"/>
  <testcase classname="FutureGrail.TNavigationBars" name="tnservices" time="0.334"/>
  <testcase classname="FutureGrail.TNavigationBars" name="tnaboutUs" time="0.31"/>
  <testcase classname="FutureGrail.TNavigationBars" name="tnMoreEvent" time="2.738"/>
  <testcase classname="FutureGrail.TNavigationBars" name="tnMedia" time="0.983"/>
  <testcase classname="FutureGrail.TNavigationBars" name="tnFaq" time="0.332"/>
  <testcase classname="FutureGrail.TNavigationBars" name="tnMAboutUs" time="0.355"/>
  <testcase classname="FutureGrail.TNavigationBars" name="favoutiter" time="0.587"/>
  <testcase classname="FutureGrail.BNavigationBars" name="siteLoading" time="1.223"/>
  <testcase classname="FutureGrail.BNavigationBars" name="logIn" time="3.855"/>
  <testcase classname="FutureGrail.BNavigationBars" name="museum" time="2.299"/>
  <testcase classname="FutureGrail.BNavigationBars" name="theVault" time="1.369"/>
  <testcase classname="FutureGrail.BNavigationBars" name="services" time="1.647"/>
  <testcase classname="FutureGrail.BNavigationBars" name="events" time="1.527"/>
  <testcase classname="FutureGrail.BNavigationBars" name="media" time="0.935"/>
  <testcase classname="FutureGrail.BNavigationBars" name="aboutUs" time="2.696"/>
  <testcase classname="FutureGrail.BNavigationBars" name="tAndC" time="1.186"/>
  <testcase classname="FutureGrail.BNavigationBars" name="privacyPolicy" time="0.87"/>
</testsuite> <!-- Test -->
