<?xml version="1.0" encoding="UTF-8"?>
<testng-results ignored="0" total="11" passed="10" failed="1" skipped="0">
  <reporter-output>
  </reporter-output>
  <suite started-at="2024-02-29T17:57:42 IST" name="Default suite" finished-at="2024-02-29T17:58:35 IST" duration-ms="52896">
    <groups>
    </groups>
    <test started-at="2024-02-29T17:57:42 IST" name="Default test" finished-at="2024-02-29T17:58:35 IST" duration-ms="52896">
      <class name="FutureGrail.Home">
        <test-method is-config="true" signature="beforeSuite()[pri:0, instance:FutureGrail.Home@54a7079e]" started-at="2024-02-29T17:57:34 IST" name="beforeSuite" finished-at="2024-02-29T17:57:42 IST" duration-ms="7864" status="PASS">
          <reporter-output>
          </reporter-output>
        </test-method> <!-- beforeSuite -->
        <test-method signature="siteLoading()[pri:0, instance:FutureGrail.Home@54a7079e]" started-at="2024-02-29T17:57:42 IST" name="siteLoading" finished-at="2024-02-29T17:57:44 IST" duration-ms="1543" status="PASS">
          <reporter-output>
          </reporter-output>
        </test-method> <!-- siteLoading -->
        <test-method signature="logIn()[pri:1, instance:FutureGrail.Home@54a7079e]" started-at="2024-02-29T17:57:44 IST" name="logIn" finished-at="2024-02-29T17:57:48 IST" duration-ms="4267" status="PASS">
          <reporter-output>
          </reporter-output>
        </test-method> <!-- logIn -->
        <test-method signature="homePageBanner()[pri:2, instance:FutureGrail.Home@54a7079e]" started-at="2024-02-29T17:57:48 IST" name="homePageBanner" finished-at="2024-02-29T17:57:48 IST" duration-ms="77" status="PASS">
          <reporter-output>
          </reporter-output>
        </test-method> <!-- homePageBanner -->
        <test-method signature="homePagePagescroll()[pri:3, instance:FutureGrail.Home@54a7079e]" started-at="2024-02-29T17:57:48 IST" name="homePagePagescroll" finished-at="2024-02-29T17:57:48 IST" duration-ms="24" status="PASS">
          <reporter-output>
          </reporter-output>
        </test-method> <!-- homePagePagescroll -->
        <test-method signature="coverValuesCards()[pri:4, instance:FutureGrail.Home@54a7079e]" started-at="2024-02-29T17:57:48 IST" name="coverValuesCards" finished-at="2024-02-29T17:57:49 IST" duration-ms="341" status="PASS">
          <reporter-output>
          </reporter-output>
        </test-method> <!-- coverValuesCards -->
        <test-method signature="ourOfferings()[pri:5, instance:FutureGrail.Home@54a7079e]" started-at="2024-02-29T17:57:49 IST" name="ourOfferings" finished-at="2024-02-29T17:57:49 IST" duration-ms="409" status="PASS">
          <reporter-output>
          </reporter-output>
        </test-method> <!-- ourOfferings -->
        <test-method signature="ourCollections()[pri:6, instance:FutureGrail.Home@54a7079e]" started-at="2024-02-29T17:57:49 IST" name="ourCollections" finished-at="2024-02-29T17:57:50 IST" duration-ms="704" status="PASS">
          <reporter-output>
          </reporter-output>
        </test-method> <!-- ourCollections -->
        <test-method signature="visitOurMuseumVideo()[pri:7, instance:FutureGrail.Home@54a7079e]" started-at="2024-02-29T17:57:50 IST" name="visitOurMuseumVideo" finished-at="2024-02-29T17:57:50 IST" duration-ms="96" status="FAIL">
          <exception class="org.openqa.selenium.JavascriptException">
            <message>
              <![CDATA[javascript error: argument is not defined
  (Session info: chrome=122.0.6261.71)
Build info: version: '4.18.1', revision: 'b1d3319b48'
System info: os.name: 'Windows 11', os.arch: 'amd64', os.version: '10.0', java.version: '17.0.8.1'
Driver info: org.openqa.selenium.chrome.ChromeDriver
Command: [148688da6757b711072c90eeb5761233, executeScript {args=[{element-6066-11e4-a52e-4f735466cecf=f.DD7996A9CF234DDA2AE53AF9731A7D2F.d.C51667D7930499C972698D40E206A87D.e.1844}], script=return argument[0].paused === false}]
Capabilities {acceptInsecureCerts: false, browserName: chrome, browserVersion: 122.0.6261.71, chrome: {chromedriverVersion: 122.0.6261.69 (81bc525b6a36..., userDataDir: C:\Users\Asus\AppData\Local...}, fedcm:accounts: true, goog:chromeOptions: {debuggerAddress: localhost:55392}, networkConnectionEnabled: false, pageLoadStrategy: normal, platformName: windows, proxy: Proxy(), se:cdp: ws://localhost:55392/devtoo..., se:cdpVersion: 122.0.6261.71, setWindowRect: true, strictFileInteractability: false, timeouts: {implicit: 0, pageLoad: 300000, script: 30000}, unhandledPromptBehavior: dismiss and notify, webauthn:extension:credBlob: true, webauthn:extension:largeBlob: true, webauthn:extension:minPinLength: true, webauthn:extension:prf: true, webauthn:virtualAuthenticators: true}
Session ID: 148688da6757b711072c90eeb5761233]]>
            </message>
            <full-stacktrace>
              <![CDATA[org.openqa.selenium.JavascriptException: javascript error: argument is not defined
  (Session info: chrome=122.0.6261.71)
Build info: version: '4.18.1', revision: 'b1d3319b48'
System info: os.name: 'Windows 11', os.arch: 'amd64', os.version: '10.0', java.version: '17.0.8.1'
Driver info: org.openqa.selenium.chrome.ChromeDriver
Command: [148688da6757b711072c90eeb5761233, executeScript {args=[{element-6066-11e4-a52e-4f735466cecf=f.DD7996A9CF234DDA2AE53AF9731A7D2F.d.C51667D7930499C972698D40E206A87D.e.1844}], script=return argument[0].paused === false}]
Capabilities {acceptInsecureCerts: false, browserName: chrome, browserVersion: 122.0.6261.71, chrome: {chromedriverVersion: 122.0.6261.69 (81bc525b6a36..., userDataDir: C:\Users\Asus\AppData\Local...}, fedcm:accounts: true, goog:chromeOptions: {debuggerAddress: localhost:55392}, networkConnectionEnabled: false, pageLoadStrategy: normal, platformName: windows, proxy: Proxy(), se:cdp: ws://localhost:55392/devtoo..., se:cdpVersion: 122.0.6261.71, setWindowRect: true, strictFileInteractability: false, timeouts: {implicit: 0, pageLoad: 300000, script: 30000}, unhandledPromptBehavior: dismiss and notify, webauthn:extension:credBlob: true, webauthn:extension:largeBlob: true, webauthn:extension:minPinLength: true, webauthn:extension:prf: true, webauthn:virtualAuthenticators: true}
Session ID: 148688da6757b711072c90eeb5761233
at java.base/jdk.internal.reflect.NativeConstructorAccessorImpl.newInstance0(Native Method)
at java.base/jdk.internal.reflect.NativeConstructorAccessorImpl.newInstance(NativeConstructorAccessorImpl.java:77)
at java.base/jdk.internal.reflect.DelegatingConstructorAccessorImpl.newInstance(DelegatingConstructorAccessorImpl.java:45)
at java.base/java.lang.reflect.Constructor.newInstanceWithCaller(Constructor.java:499)
at java.base/java.lang.reflect.Constructor.newInstance(Constructor.java:480)
at org.openqa.selenium.remote.ErrorCodec.decode(ErrorCodec.java:167)
at org.openqa.selenium.remote.codec.w3c.W3CHttpResponseCodec.decode(W3CHttpResponseCodec.java:138)
at org.openqa.selenium.remote.codec.w3c.W3CHttpResponseCodec.decode(W3CHttpResponseCodec.java:50)
at org.openqa.selenium.remote.HttpCommandExecutor.execute(HttpCommandExecutor.java:190)
at org.openqa.selenium.remote.service.DriverCommandExecutor.invokeExecute(DriverCommandExecutor.java:216)
at org.openqa.selenium.remote.service.DriverCommandExecutor.execute(DriverCommandExecutor.java:174)
at org.openqa.selenium.remote.RemoteWebDriver.execute(RemoteWebDriver.java:519)
at org.openqa.selenium.remote.RemoteWebDriver.executeScript(RemoteWebDriver.java:464)
at FutureGrail.Home.visitOurMuseumVideo(Home.java:149)
at java.base/jdk.internal.reflect.NativeMethodAccessorImpl.invoke0(Native Method)
at java.base/jdk.internal.reflect.NativeMethodAccessorImpl.invoke(NativeMethodAccessorImpl.java:77)
at java.base/jdk.internal.reflect.DelegatingMethodAccessorImpl.invoke(DelegatingMethodAccessorImpl.java:43)
at java.base/java.lang.reflect.Method.invoke(Method.java:568)
at org.testng.internal.MethodInvocationHelper.invokeMethod(MethodInvocationHelper.java:133)
at org.testng.internal.TestInvoker.invokeMethod(TestInvoker.java:598)
at org.testng.internal.TestInvoker.invokeTestMethod(TestInvoker.java:173)
at org.testng.internal.MethodRunner.runInSequence(MethodRunner.java:46)
at org.testng.internal.TestInvoker$MethodInvocationAgent.invoke(TestInvoker.java:824)
at org.testng.internal.TestInvoker.invokeTestMethods(TestInvoker.java:146)
at org.testng.internal.TestMethodWorker.invokeTestMethods(TestMethodWorker.java:146)
at org.testng.internal.TestMethodWorker.run(TestMethodWorker.java:128)
at java.base/java.util.ArrayList.forEach(ArrayList.java:1511)
at org.testng.TestRunner.privateRun(TestRunner.java:794)
at org.testng.TestRunner.run(TestRunner.java:596)
at org.testng.SuiteRunner.runTest(SuiteRunner.java:377)
at org.testng.SuiteRunner.runSequentially(SuiteRunner.java:371)
at org.testng.SuiteRunner.privateRun(SuiteRunner.java:332)
at org.testng.SuiteRunner.run(SuiteRunner.java:276)
at org.testng.SuiteRunnerWorker.runSuite(SuiteRunnerWorker.java:53)
at org.testng.SuiteRunnerWorker.run(SuiteRunnerWorker.java:96)
at org.testng.TestNG.runSuitesSequentially(TestNG.java:1212)
at org.testng.TestNG.runSuitesLocally(TestNG.java:1134)
at org.testng.TestNG.runSuites(TestNG.java:1063)
at org.testng.TestNG.run(TestNG.java:1031)
at org.testng.remote.AbstractRemoteTestNG.run(AbstractRemoteTestNG.java:115)
at org.testng.remote.RemoteTestNG.initAndRun(RemoteTestNG.java:251)
at org.testng.remote.RemoteTestNG.main(RemoteTestNG.java:77)
]]>
            </full-stacktrace>
          </exception> <!-- org.openqa.selenium.JavascriptException -->
          <reporter-output>
          </reporter-output>
        </test-method> <!-- visitOurMuseumVideo -->
        <test-method signature="planYourVisit()[pri:8, instance:FutureGrail.Home@54a7079e]" started-at="2024-02-29T17:57:50 IST" name="planYourVisit" finished-at="2024-02-29T17:57:50 IST" duration-ms="0" status="PASS">
          <reporter-output>
          </reporter-output>
        </test-method> <!-- planYourVisit -->
        <test-method signature="meadia()[pri:9, instance:FutureGrail.Home@54a7079e]" started-at="2024-02-29T17:57:50 IST" name="meadia" finished-at="2024-02-29T17:58:32 IST" duration-ms="42252" status="PASS">
          <reporter-output>
          </reporter-output>
        </test-method> <!-- meadia -->
        <test-method signature="stayConnected()[pri:10, instance:FutureGrail.Home@54a7079e]" started-at="2024-02-29T17:58:32 IST" name="stayConnected" finished-at="2024-02-29T17:58:35 IST" duration-ms="3109" status="PASS">
          <reporter-output>
          </reporter-output>
        </test-method> <!-- stayConnected -->
        <test-method is-config="true" signature="afterSuite()[pri:0, instance:FutureGrail.Home@54a7079e]" started-at="2024-02-29T17:58:35 IST" name="afterSuite" finished-at="2024-02-29T17:58:35 IST" duration-ms="256" status="PASS">
          <reporter-output>
          </reporter-output>
        </test-method> <!-- afterSuite -->
      </class> <!-- FutureGrail.Home -->
    </test> <!-- Default test -->
  </suite> <!-- Default suite -->
</testng-results>
